2022-04-24 21:36:09,610 INFO org.springframework.boot.StartupInfoLogger [main] Starting ExamplerediscacheApplication using Java 17.0.2 on Genderson with PID 13052 (C:\Users\Yemi Genderson\Documents\Tutoriales\examplerediscache\target\classes started by Yemi Genderson in C:\Users\Yemi Genderson\Documents\Tutoriales\examplerediscache)
2022-04-24 21:36:09,616 INFO org.springframework.boot.SpringApplication [main] No active profile set, falling back to 1 default profile: "default"
2022-04-24 21:36:11,013 INFO org.springframework.data.repository.config.RepositoryConfigurationDelegate [main] Multiple Spring Data modules found, entering strict repository configuration mode!
2022-04-24 21:36:11,018 INFO org.springframework.data.repository.config.RepositoryConfigurationDelegate [main] Bootstrapping Spring Data MongoDB repositories in DEFAULT mode.
2022-04-24 21:36:11,332 INFO org.springframework.data.repository.config.RepositoryConfigurationDelegate [main] Finished Spring Data repository scanning in 304 ms. Found 1 MongoDB repository interfaces.
2022-04-24 21:36:11,364 INFO org.springframework.data.repository.config.RepositoryConfigurationDelegate [main] Multiple Spring Data modules found, entering strict repository configuration mode!
2022-04-24 21:36:11,367 INFO org.springframework.data.repository.config.RepositoryConfigurationDelegate [main] Bootstrapping Spring Data Redis repositories in DEFAULT mode.
2022-04-24 21:36:11,394 INFO org.springframework.data.repository.config.RepositoryConfigurationExtensionSupport [main] Spring Data Redis - Could not safely identify store assignment for repository candidate interface com.yegecali.examplerediscache.PersonRepository. If you want this repository to be a Redis repository, consider annotating your entities with one of these annotations: org.springframework.data.redis.core.RedisHash (preferred), or consider extending one of the following types with your repository: org.springframework.data.keyvalue.repository.KeyValueRepository.
2022-04-24 21:36:11,395 INFO org.springframework.data.repository.config.RepositoryConfigurationDelegate [main] Finished Spring Data repository scanning in 8 ms. Found 0 Redis repository interfaces.
2022-04-24 21:36:12,540 INFO org.springframework.boot.web.embedded.tomcat.TomcatWebServer [main] Tomcat initialized with port(s): 8080 (http)
2022-04-24 21:36:12,561 INFO org.apache.juli.logging.DirectJDKLog [main] Initializing ProtocolHandler ["http-nio-8080"]
2022-04-24 21:36:12,562 INFO org.apache.juli.logging.DirectJDKLog [main] Starting service [Tomcat]
2022-04-24 21:36:12,564 INFO org.apache.juli.logging.DirectJDKLog [main] Starting Servlet engine: [Apache Tomcat/9.0.62]
2022-04-24 21:36:12,788 INFO org.apache.juli.logging.DirectJDKLog [main] Initializing Spring embedded WebApplicationContext
2022-04-24 21:36:12,789 INFO org.springframework.boot.web.servlet.context.ServletWebServerApplicationContext [main] Root WebApplicationContext: initialization completed in 2970 ms
2022-04-24 21:36:13,324 INFO com.mongodb.diagnostics.logging.SLF4JLogger [main] Cluster created with settings {hosts=[127.0.0.1:27017], srvHost=cluster0.r9lfo.mongodb.net, mode=MULTIPLE, requiredClusterType=REPLICA_SET, serverSelectionTimeout='30000 ms', requiredReplicaSetName='atlas-alx4g0-shard-0'}
2022-04-24 21:36:13,483 INFO com.mongodb.diagnostics.logging.SLF4JLogger [cluster-ClusterId{value='6266091d1932b156ed4ae597', description='null'}-srv-cluster0.r9lfo.mongodb.net] Adding discovered server cluster0-shard-00-00.r9lfo.mongodb.net:27017 to client view of cluster
2022-04-24 21:36:13,609 INFO com.mongodb.diagnostics.logging.SLF4JLogger [cluster-ClusterId{value='6266091d1932b156ed4ae597', description='null'}-srv-cluster0.r9lfo.mongodb.net] Adding discovered server cluster0-shard-00-02.r9lfo.mongodb.net:27017 to client view of cluster
2022-04-24 21:36:13,615 INFO com.mongodb.diagnostics.logging.SLF4JLogger [cluster-ClusterId{value='6266091d1932b156ed4ae597', description='null'}-srv-cluster0.r9lfo.mongodb.net] Adding discovered server cluster0-shard-00-01.r9lfo.mongodb.net:27017 to client view of cluster
2022-04-24 21:36:14,856 INFO com.mongodb.diagnostics.logging.SLF4JLogger [cluster-ClusterId{value='6266091d1932b156ed4ae597', description='null'}-cluster0-shard-00-02.r9lfo.mongodb.net:27017] Opened connection [connectionId{localValue:6, serverValue:259110}] to cluster0-shard-00-02.r9lfo.mongodb.net:27017
2022-04-24 21:36:14,856 INFO com.mongodb.diagnostics.logging.SLF4JLogger [cluster-rtt-ClusterId{value='6266091d1932b156ed4ae597', description='null'}-cluster0-shard-00-02.r9lfo.mongodb.net:27017] Opened connection [connectionId{localValue:1, serverValue:259110}] to cluster0-shard-00-02.r9lfo.mongodb.net:27017
2022-04-24 21:36:14,856 INFO com.mongodb.diagnostics.logging.SLF4JLogger [cluster-rtt-ClusterId{value='6266091d1932b156ed4ae597', description='null'}-cluster0-shard-00-01.r9lfo.mongodb.net:27017] Opened connection [connectionId{localValue:2, serverValue:256403}] to cluster0-shard-00-01.r9lfo.mongodb.net:27017
2022-04-24 21:36:14,856 INFO com.mongodb.diagnostics.logging.SLF4JLogger [cluster-ClusterId{value='6266091d1932b156ed4ae597', description='null'}-cluster0-shard-00-01.r9lfo.mongodb.net:27017] Opened connection [connectionId{localValue:4, serverValue:256403}] to cluster0-shard-00-01.r9lfo.mongodb.net:27017
2022-04-24 21:36:14,856 INFO com.mongodb.diagnostics.logging.SLF4JLogger [cluster-rtt-ClusterId{value='6266091d1932b156ed4ae597', description='null'}-cluster0-shard-00-00.r9lfo.mongodb.net:27017] Opened connection [connectionId{localValue:5, serverValue:256813}] to cluster0-shard-00-00.r9lfo.mongodb.net:27017
2022-04-24 21:36:14,856 INFO com.mongodb.diagnostics.logging.SLF4JLogger [cluster-ClusterId{value='6266091d1932b156ed4ae597', description='null'}-cluster0-shard-00-00.r9lfo.mongodb.net:27017] Opened connection [connectionId{localValue:3, serverValue:256812}] to cluster0-shard-00-00.r9lfo.mongodb.net:27017
2022-04-24 21:36:14,858 INFO com.mongodb.diagnostics.logging.SLF4JLogger [cluster-ClusterId{value='6266091d1932b156ed4ae597', description='null'}-cluster0-shard-00-02.r9lfo.mongodb.net:27017] Monitor thread successfully connected to server with description ServerDescription{address=cluster0-shard-00-02.r9lfo.mongodb.net:27017, type=REPLICA_SET_PRIMARY, state=CONNECTED, ok=true, minWireVersion=0, maxWireVersion=13, maxDocumentSize=16777216, logicalSessionTimeoutMinutes=30, roundTripTimeNanos=577179900, setName='atlas-alx4g0-shard-0', canonicalAddress=cluster0-shard-00-02.r9lfo.mongodb.net:27017, hosts=[cluster0-shard-00-00.r9lfo.mongodb.net:27017, cluster0-shard-00-02.r9lfo.mongodb.net:27017, cluster0-shard-00-01.r9lfo.mongodb.net:27017], passives=[], arbiters=[], primary='cluster0-shard-00-02.r9lfo.mongodb.net:27017', tagSet=TagSet{[Tag{name='nodeType', value='ELECTABLE'}, Tag{name='provider', value='AWS'}, Tag{name='region', value='SA_EAST_1'}, Tag{name='workloadType', value='OPERATIONAL'}]}, electionId=7fffffff0000000000000004, setVersion=1, topologyVersion=TopologyVersion{processId=6255b390a31695a80f32b3f2, counter=6}, lastWriteDate=Sun Apr 24 21:36:11 COT 2022, lastUpdateTimeNanos=23212705521000}
2022-04-24 21:36:14,859 INFO com.mongodb.diagnostics.logging.SLF4JLogger [cluster-ClusterId{value='6266091d1932b156ed4ae597', description='null'}-cluster0-shard-00-00.r9lfo.mongodb.net:27017] Monitor thread successfully connected to server with description ServerDescription{address=cluster0-shard-00-00.r9lfo.mongodb.net:27017, type=REPLICA_SET_SECONDARY, state=CONNECTED, ok=true, minWireVersion=0, maxWireVersion=13, maxDocumentSize=16777216, logicalSessionTimeoutMinutes=30, roundTripTimeNanos=532216200, setName='atlas-alx4g0-shard-0', canonicalAddress=cluster0-shard-00-00.r9lfo.mongodb.net:27017, hosts=[cluster0-shard-00-00.r9lfo.mongodb.net:27017, cluster0-shard-00-02.r9lfo.mongodb.net:27017, cluster0-shard-00-01.r9lfo.mongodb.net:27017], passives=[], arbiters=[], primary='cluster0-shard-00-02.r9lfo.mongodb.net:27017', tagSet=TagSet{[Tag{name='nodeType', value='ELECTABLE'}, Tag{name='provider', value='AWS'}, Tag{name='region', value='SA_EAST_1'}, Tag{name='workloadType', value='OPERATIONAL'}]}, electionId=null, setVersion=1, topologyVersion=TopologyVersion{processId=6255b34022fef2a4533a28ea, counter=4}, lastWriteDate=Sun Apr 24 21:36:11 COT 2022, lastUpdateTimeNanos=23212705534400}
2022-04-24 21:36:14,859 INFO com.mongodb.diagnostics.logging.SLF4JLogger [cluster-ClusterId{value='6266091d1932b156ed4ae597', description='null'}-cluster0-shard-00-01.r9lfo.mongodb.net:27017] Monitor thread successfully connected to server with description ServerDescription{address=cluster0-shard-00-01.r9lfo.mongodb.net:27017, type=REPLICA_SET_SECONDARY, state=CONNECTED, ok=true, minWireVersion=0, maxWireVersion=13, maxDocumentSize=16777216, logicalSessionTimeoutMinutes=30, roundTripTimeNanos=578541100, setName='atlas-alx4g0-shard-0', canonicalAddress=cluster0-shard-00-01.r9lfo.mongodb.net:27017, hosts=[cluster0-shard-00-00.r9lfo.mongodb.net:27017, cluster0-shard-00-02.r9lfo.mongodb.net:27017, cluster0-shard-00-01.r9lfo.mongodb.net:27017], passives=[], arbiters=[], primary='cluster0-shard-00-02.r9lfo.mongodb.net:27017', tagSet=TagSet{[Tag{name='nodeType', value='ELECTABLE'}, Tag{name='provider', value='AWS'}, Tag{name='region', value='SA_EAST_1'}, Tag{name='workloadType', value='OPERATIONAL'}]}, electionId=null, setVersion=1, topologyVersion=TopologyVersion{processId=6255b3e1211cf018353ad58b, counter=3}, lastWriteDate=Sun Apr 24 21:36:11 COT 2022, lastUpdateTimeNanos=23212704330400}
2022-04-24 21:36:14,864 INFO com.mongodb.diagnostics.logging.SLF4JLogger [cluster-ClusterId{value='6266091d1932b156ed4ae597', description='null'}-cluster0-shard-00-02.r9lfo.mongodb.net:27017] Setting max election id to 7fffffff0000000000000004 from replica set primary cluster0-shard-00-02.r9lfo.mongodb.net:27017
2022-04-24 21:36:14,865 INFO com.mongodb.diagnostics.logging.SLF4JLogger [cluster-ClusterId{value='6266091d1932b156ed4ae597', description='null'}-cluster0-shard-00-02.r9lfo.mongodb.net:27017] Setting max set version to 1 from replica set primary cluster0-shard-00-02.r9lfo.mongodb.net:27017
2022-04-24 21:36:14,866 INFO com.mongodb.diagnostics.logging.SLF4JLogger [cluster-ClusterId{value='6266091d1932b156ed4ae597', description='null'}-cluster0-shard-00-02.r9lfo.mongodb.net:27017] Discovered replica set primary cluster0-shard-00-02.r9lfo.mongodb.net:27017
2022-04-24 21:36:15,837 INFO org.apache.juli.logging.DirectJDKLog [main] Starting ProtocolHandler ["http-nio-8080"]
2022-04-24 21:36:15,874 INFO org.springframework.boot.web.embedded.tomcat.TomcatWebServer [main] Tomcat started on port(s): 8080 (http) with context path ''
2022-04-24 21:36:15,890 INFO org.springframework.boot.StartupInfoLogger [main] Started ExamplerediscacheApplication in 7.043 seconds (JVM running for 8.155)
2022-04-24 21:37:25,565 INFO org.apache.juli.logging.DirectJDKLog [http-nio-8080-exec-1] Initializing Spring DispatcherServlet 'dispatcherServlet'
2022-04-24 21:37:25,566 INFO org.springframework.web.servlet.FrameworkServlet [http-nio-8080-exec-1] Initializing Servlet 'dispatcherServlet'
2022-04-24 21:37:25,568 INFO org.springframework.web.servlet.FrameworkServlet [http-nio-8080-exec-1] Completed initialization in 2 ms
2022-04-24 21:37:27,849 INFO com.mongodb.diagnostics.logging.SLF4JLogger [http-nio-8080-exec-1] Opened connection [connectionId{localValue:7, serverValue:259129}] to cluster0-shard-00-02.r9lfo.mongodb.net:27017
2022-04-24 21:41:35,577 INFO io.netty.util.internal.logging.AbstractInternalLogger [lettuce-eventExecutorLoop-1-2] Reconnecting, last destination was localhost/127.0.0.1:6379
2022-04-24 21:41:35,591 WARN io.netty.util.internal.logging.AbstractInternalLogger [lettuce-nioEventLoop-4-2] Cannot reconnect to [localhost/<unresolved>:6379]: Connection refused: no further information: localhost/127.0.0.1:6379
2022-04-24 21:41:44,669 INFO io.netty.util.internal.logging.AbstractInternalLogger [lettuce-eventExecutorLoop-1-3] Reconnecting, last destination was localhost/<unresolved>:6379
2022-04-24 21:41:44,671 WARN io.netty.util.internal.logging.AbstractInternalLogger [lettuce-nioEventLoop-4-2] Cannot reconnect to [localhost/<unresolved>:6379]: Connection refused: no further information: localhost/127.0.0.1:6379
2022-04-24 21:41:52,869 INFO io.netty.util.internal.logging.AbstractInternalLogger [lettuce-eventExecutorLoop-1-4] Reconnecting, last destination was localhost/<unresolved>:6379
2022-04-24 21:41:52,871 WARN io.netty.util.internal.logging.AbstractInternalLogger [lettuce-nioEventLoop-4-3] Cannot reconnect to [localhost/<unresolved>:6379]: Connection refused: no further information: localhost/127.0.0.1:6379
2022-04-24 21:42:09,272 INFO io.netty.util.internal.logging.AbstractInternalLogger [lettuce-eventExecutorLoop-1-2] Reconnecting, last destination was localhost/<unresolved>:6379
2022-04-24 21:42:09,277 WARN io.netty.util.internal.logging.AbstractInternalLogger [lettuce-nioEventLoop-4-4] Cannot reconnect to [localhost/<unresolved>:6379]: Connection refused: no further information: localhost/127.0.0.1:6379
2022-04-24 21:42:39,370 INFO io.netty.util.internal.logging.AbstractInternalLogger [lettuce-eventExecutorLoop-1-2] Reconnecting, last destination was localhost/<unresolved>:6379
2022-04-24 21:42:39,382 INFO io.lettuce.core.protocol.ReconnectionHandler [lettuce-nioEventLoop-4-1] Reconnected to localhost/<unresolved>:6379
2022-04-24 21:44:10,129 INFO org.springframework.boot.StartupInfoLogger [main] Starting ExamplerediscacheApplication using Java 17.0.2 on Genderson with PID 10848 (C:\Users\Yemi Genderson\Documents\Tutoriales\examplerediscache\target\classes started by Yemi Genderson in C:\Users\Yemi Genderson\Documents\Tutoriales\examplerediscache)
2022-04-24 21:44:10,136 INFO org.springframework.boot.SpringApplication [main] No active profile set, falling back to 1 default profile: "default"
2022-04-24 21:44:11,458 INFO org.springframework.data.repository.config.RepositoryConfigurationDelegate [main] Multiple Spring Data modules found, entering strict repository configuration mode!
2022-04-24 21:44:11,461 INFO org.springframework.data.repository.config.RepositoryConfigurationDelegate [main] Bootstrapping Spring Data MongoDB repositories in DEFAULT mode.
2022-04-24 21:44:11,754 INFO org.springframework.data.repository.config.RepositoryConfigurationDelegate [main] Finished Spring Data repository scanning in 285 ms. Found 1 MongoDB repository interfaces.
2022-04-24 21:44:11,783 INFO org.springframework.data.repository.config.RepositoryConfigurationDelegate [main] Multiple Spring Data modules found, entering strict repository configuration mode!
2022-04-24 21:44:11,789 INFO org.springframework.data.repository.config.RepositoryConfigurationDelegate [main] Bootstrapping Spring Data Redis repositories in DEFAULT mode.
2022-04-24 21:44:11,816 INFO org.springframework.data.repository.config.RepositoryConfigurationExtensionSupport [main] Spring Data Redis - Could not safely identify store assignment for repository candidate interface com.yegecali.examplerediscache.PersonRepository. If you want this repository to be a Redis repository, consider annotating your entities with one of these annotations: org.springframework.data.redis.core.RedisHash (preferred), or consider extending one of the following types with your repository: org.springframework.data.keyvalue.repository.KeyValueRepository.
2022-04-24 21:44:11,819 INFO org.springframework.data.repository.config.RepositoryConfigurationDelegate [main] Finished Spring Data repository scanning in 11 ms. Found 0 Redis repository interfaces.
2022-04-24 21:44:13,208 INFO org.springframework.boot.web.embedded.tomcat.TomcatWebServer [main] Tomcat initialized with port(s): 8080 (http)
2022-04-24 21:44:13,230 INFO org.apache.juli.logging.DirectJDKLog [main] Initializing ProtocolHandler ["http-nio-8080"]
2022-04-24 21:44:13,231 INFO org.apache.juli.logging.DirectJDKLog [main] Starting service [Tomcat]
2022-04-24 21:44:13,232 INFO org.apache.juli.logging.DirectJDKLog [main] Starting Servlet engine: [Apache Tomcat/9.0.62]
2022-04-24 21:44:13,435 INFO org.apache.juli.logging.DirectJDKLog [main] Initializing Spring embedded WebApplicationContext
2022-04-24 21:44:13,436 INFO org.springframework.boot.web.servlet.context.ServletWebServerApplicationContext [main] Root WebApplicationContext: initialization completed in 3150 ms
2022-04-24 21:44:13,994 INFO com.mongodb.diagnostics.logging.SLF4JLogger [main] Cluster created with settings {hosts=[127.0.0.1:27017], srvHost=cluster0.r9lfo.mongodb.net, mode=MULTIPLE, requiredClusterType=REPLICA_SET, serverSelectionTimeout='30000 ms', requiredReplicaSetName='atlas-alx4g0-shard-0'}
2022-04-24 21:44:14,112 INFO com.mongodb.diagnostics.logging.SLF4JLogger [cluster-ClusterId{value='62660afd2ade9f28dcc59797', description='null'}-srv-cluster0.r9lfo.mongodb.net] Adding discovered server cluster0-shard-00-00.r9lfo.mongodb.net:27017 to client view of cluster
2022-04-24 21:44:14,184 INFO com.mongodb.diagnostics.logging.SLF4JLogger [cluster-ClusterId{value='62660afd2ade9f28dcc59797', description='null'}-srv-cluster0.r9lfo.mongodb.net] Adding discovered server cluster0-shard-00-02.r9lfo.mongodb.net:27017 to client view of cluster
2022-04-24 21:44:14,186 INFO com.mongodb.diagnostics.logging.SLF4JLogger [cluster-ClusterId{value='62660afd2ade9f28dcc59797', description='null'}-srv-cluster0.r9lfo.mongodb.net] Adding discovered server cluster0-shard-00-01.r9lfo.mongodb.net:27017 to client view of cluster
2022-04-24 21:44:15,354 INFO com.mongodb.diagnostics.logging.SLF4JLogger [cluster-rtt-ClusterId{value='62660afd2ade9f28dcc59797', description='null'}-cluster0-shard-00-02.r9lfo.mongodb.net:27017] Opened connection [connectionId{localValue:2, serverValue:259238}] to cluster0-shard-00-02.r9lfo.mongodb.net:27017
2022-04-24 21:44:15,358 INFO com.mongodb.diagnostics.logging.SLF4JLogger [cluster-ClusterId{value='62660afd2ade9f28dcc59797', description='null'}-cluster0-shard-00-00.r9lfo.mongodb.net:27017] Opened connection [connectionId{localValue:1, serverValue:256936}] to cluster0-shard-00-00.r9lfo.mongodb.net:27017
2022-04-24 21:44:15,359 INFO com.mongodb.diagnostics.logging.SLF4JLogger [cluster-ClusterId{value='62660afd2ade9f28dcc59797', description='null'}-cluster0-shard-00-01.r9lfo.mongodb.net:27017] Opened connection [connectionId{localValue:3, serverValue:256523}] to cluster0-shard-00-01.r9lfo.mongodb.net:27017
2022-04-24 21:44:15,355 INFO com.mongodb.diagnostics.logging.SLF4JLogger [cluster-ClusterId{value='62660afd2ade9f28dcc59797', description='null'}-cluster0-shard-00-02.r9lfo.mongodb.net:27017] Opened connection [connectionId{localValue:6, serverValue:259238}] to cluster0-shard-00-02.r9lfo.mongodb.net:27017
2022-04-24 21:44:15,359 INFO com.mongodb.diagnostics.logging.SLF4JLogger [cluster-rtt-ClusterId{value='62660afd2ade9f28dcc59797', description='null'}-cluster0-shard-00-00.r9lfo.mongodb.net:27017] Opened connection [connectionId{localValue:5, serverValue:256936}] to cluster0-shard-00-00.r9lfo.mongodb.net:27017
2022-04-24 21:44:15,359 INFO com.mongodb.diagnostics.logging.SLF4JLogger [cluster-rtt-ClusterId{value='62660afd2ade9f28dcc59797', description='null'}-cluster0-shard-00-01.r9lfo.mongodb.net:27017] Opened connection [connectionId{localValue:4, serverValue:256523}] to cluster0-shard-00-01.r9lfo.mongodb.net:27017
2022-04-24 21:44:15,360 INFO com.mongodb.diagnostics.logging.SLF4JLogger [cluster-ClusterId{value='62660afd2ade9f28dcc59797', description='null'}-cluster0-shard-00-02.r9lfo.mongodb.net:27017] Monitor thread successfully connected to server with description ServerDescription{address=cluster0-shard-00-02.r9lfo.mongodb.net:27017, type=REPLICA_SET_PRIMARY, state=CONNECTED, ok=true, minWireVersion=0, maxWireVersion=13, maxDocumentSize=16777216, logicalSessionTimeoutMinutes=30, roundTripTimeNanos=556074600, setName='atlas-alx4g0-shard-0', canonicalAddress=cluster0-shard-00-02.r9lfo.mongodb.net:27017, hosts=[cluster0-shard-00-00.r9lfo.mongodb.net:27017, cluster0-shard-00-02.r9lfo.mongodb.net:27017, cluster0-shard-00-01.r9lfo.mongodb.net:27017], passives=[], arbiters=[], primary='cluster0-shard-00-02.r9lfo.mongodb.net:27017', tagSet=TagSet{[Tag{name='nodeType', value='ELECTABLE'}, Tag{name='provider', value='AWS'}, Tag{name='region', value='SA_EAST_1'}, Tag{name='workloadType', value='OPERATIONAL'}]}, electionId=7fffffff0000000000000004, setVersion=1, topologyVersion=TopologyVersion{processId=6255b390a31695a80f32b3f2, counter=6}, lastWriteDate=Sun Apr 24 21:44:11 COT 2022, lastUpdateTimeNanos=23693202350800}
2022-04-24 21:44:15,360 INFO com.mongodb.diagnostics.logging.SLF4JLogger [cluster-ClusterId{value='62660afd2ade9f28dcc59797', description='null'}-cluster0-shard-00-00.r9lfo.mongodb.net:27017] Monitor thread successfully connected to server with description ServerDescription{address=cluster0-shard-00-00.r9lfo.mongodb.net:27017, type=REPLICA_SET_SECONDARY, state=CONNECTED, ok=true, minWireVersion=0, maxWireVersion=13, maxDocumentSize=16777216, logicalSessionTimeoutMinutes=30, roundTripTimeNanos=571463200, setName='atlas-alx4g0-shard-0', canonicalAddress=cluster0-shard-00-00.r9lfo.mongodb.net:27017, hosts=[cluster0-shard-00-00.r9lfo.mongodb.net:27017, cluster0-shard-00-02.r9lfo.mongodb.net:27017, cluster0-shard-00-01.r9lfo.mongodb.net:27017], passives=[], arbiters=[], primary='cluster0-shard-00-02.r9lfo.mongodb.net:27017', tagSet=TagSet{[Tag{name='nodeType', value='ELECTABLE'}, Tag{name='provider', value='AWS'}, Tag{name='region', value='SA_EAST_1'}, Tag{name='workloadType', value='OPERATIONAL'}]}, electionId=null, setVersion=1, topologyVersion=TopologyVersion{processId=6255b34022fef2a4533a28ea, counter=4}, lastWriteDate=Sun Apr 24 21:44:11 COT 2022, lastUpdateTimeNanos=23693203218500}
2022-04-24 21:44:15,361 INFO com.mongodb.diagnostics.logging.SLF4JLogger [cluster-ClusterId{value='62660afd2ade9f28dcc59797', description='null'}-cluster0-shard-00-01.r9lfo.mongodb.net:27017] Monitor thread successfully connected to server with description ServerDescription{address=cluster0-shard-00-01.r9lfo.mongodb.net:27017, type=REPLICA_SET_SECONDARY, state=CONNECTED, ok=true, minWireVersion=0, maxWireVersion=13, maxDocumentSize=16777216, logicalSessionTimeoutMinutes=30, roundTripTimeNanos=600705800, setName='atlas-alx4g0-shard-0', canonicalAddress=cluster0-shard-00-01.r9lfo.mongodb.net:27017, hosts=[cluster0-shard-00-00.r9lfo.mongodb.net:27017, cluster0-shard-00-02.r9lfo.mongodb.net:27017, cluster0-shard-00-01.r9lfo.mongodb.net:27017], passives=[], arbiters=[], primary='cluster0-shard-00-02.r9lfo.mongodb.net:27017', tagSet=TagSet{[Tag{name='nodeType', value='ELECTABLE'}, Tag{name='provider', value='AWS'}, Tag{name='region', value='SA_EAST_1'}, Tag{name='workloadType', value='OPERATIONAL'}]}, electionId=null, setVersion=1, topologyVersion=TopologyVersion{processId=6255b3e1211cf018353ad58b, counter=3}, lastWriteDate=Sun Apr 24 21:44:11 COT 2022, lastUpdateTimeNanos=23693203130400}
2022-04-24 21:44:15,370 INFO com.mongodb.diagnostics.logging.SLF4JLogger [cluster-ClusterId{value='62660afd2ade9f28dcc59797', description='null'}-cluster0-shard-00-02.r9lfo.mongodb.net:27017] Setting max election id to 7fffffff0000000000000004 from replica set primary cluster0-shard-00-02.r9lfo.mongodb.net:27017
2022-04-24 21:44:15,371 INFO com.mongodb.diagnostics.logging.SLF4JLogger [cluster-ClusterId{value='62660afd2ade9f28dcc59797', description='null'}-cluster0-shard-00-02.r9lfo.mongodb.net:27017] Setting max set version to 1 from replica set primary cluster0-shard-00-02.r9lfo.mongodb.net:27017
2022-04-24 21:44:15,373 INFO com.mongodb.diagnostics.logging.SLF4JLogger [cluster-ClusterId{value='62660afd2ade9f28dcc59797', description='null'}-cluster0-shard-00-02.r9lfo.mongodb.net:27017] Discovered replica set primary cluster0-shard-00-02.r9lfo.mongodb.net:27017
2022-04-24 21:44:17,109 INFO org.apache.juli.logging.DirectJDKLog [main] Starting ProtocolHandler ["http-nio-8080"]
2022-04-24 21:44:17,168 INFO org.springframework.boot.web.embedded.tomcat.TomcatWebServer [main] Tomcat started on port(s): 8080 (http) with context path ''
2022-04-24 21:44:17,183 INFO org.springframework.boot.StartupInfoLogger [main] Started ExamplerediscacheApplication in 7.754 seconds (JVM running for 8.723)
2022-04-24 21:44:40,168 INFO org.apache.juli.logging.DirectJDKLog [http-nio-8080-exec-2] Initializing Spring DispatcherServlet 'dispatcherServlet'
2022-04-24 21:44:40,169 INFO org.springframework.web.servlet.FrameworkServlet [http-nio-8080-exec-2] Initializing Servlet 'dispatcherServlet'
2022-04-24 21:44:40,172 INFO org.springframework.web.servlet.FrameworkServlet [http-nio-8080-exec-2] Completed initialization in 2 ms
2022-04-24 21:45:10,099 WARN org.springframework.web.servlet.handler.AbstractHandlerExceptionResolver [http-nio-8080-exec-5] Resolved [org.springframework.web.HttpRequestMethodNotSupportedException: Request method 'POST' not supported]
2022-04-24 21:45:18,366 INFO com.mongodb.diagnostics.logging.SLF4JLogger [http-nio-8080-exec-6] Opened connection [connectionId{localValue:7, serverValue:259260}] to cluster0-shard-00-02.r9lfo.mongodb.net:27017
2022-04-24 21:49:01,947 INFO org.springframework.boot.StartupInfoLogger [main] Starting ExamplerediscacheApplication using Java 17.0.2 on Genderson with PID 2632 (C:\Users\Yemi Genderson\Documents\Tutoriales\examplerediscache\target\classes started by Yemi Genderson in C:\Users\Yemi Genderson\Documents\Tutoriales\examplerediscache)
2022-04-24 21:49:01,952 INFO org.springframework.boot.SpringApplication [main] No active profile set, falling back to 1 default profile: "default"
2022-04-24 21:49:03,325 INFO org.springframework.data.repository.config.RepositoryConfigurationDelegate [main] Multiple Spring Data modules found, entering strict repository configuration mode!
2022-04-24 21:49:03,328 INFO org.springframework.data.repository.config.RepositoryConfigurationDelegate [main] Bootstrapping Spring Data MongoDB repositories in DEFAULT mode.
2022-04-24 21:49:03,608 INFO org.springframework.data.repository.config.RepositoryConfigurationDelegate [main] Finished Spring Data repository scanning in 271 ms. Found 1 MongoDB repository interfaces.
2022-04-24 21:49:03,638 INFO org.springframework.data.repository.config.RepositoryConfigurationDelegate [main] Multiple Spring Data modules found, entering strict repository configuration mode!
2022-04-24 21:49:03,641 INFO org.springframework.data.repository.config.RepositoryConfigurationDelegate [main] Bootstrapping Spring Data Redis repositories in DEFAULT mode.
2022-04-24 21:49:03,666 INFO org.springframework.data.repository.config.RepositoryConfigurationExtensionSupport [main] Spring Data Redis - Could not safely identify store assignment for repository candidate interface com.yegecali.examplerediscache.PersonRepository. If you want this repository to be a Redis repository, consider annotating your entities with one of these annotations: org.springframework.data.redis.core.RedisHash (preferred), or consider extending one of the following types with your repository: org.springframework.data.keyvalue.repository.KeyValueRepository.
2022-04-24 21:49:03,667 INFO org.springframework.data.repository.config.RepositoryConfigurationDelegate [main] Finished Spring Data repository scanning in 8 ms. Found 0 Redis repository interfaces.
2022-04-24 21:49:04,799 INFO org.springframework.boot.web.embedded.tomcat.TomcatWebServer [main] Tomcat initialized with port(s): 8080 (http)
2022-04-24 21:49:04,819 INFO org.apache.juli.logging.DirectJDKLog [main] Initializing ProtocolHandler ["http-nio-8080"]
2022-04-24 21:49:04,820 INFO org.apache.juli.logging.DirectJDKLog [main] Starting service [Tomcat]
2022-04-24 21:49:04,822 INFO org.apache.juli.logging.DirectJDKLog [main] Starting Servlet engine: [Apache Tomcat/9.0.62]
2022-04-24 21:49:05,013 INFO org.apache.juli.logging.DirectJDKLog [main] Initializing Spring embedded WebApplicationContext
2022-04-24 21:49:05,014 INFO org.springframework.boot.web.servlet.context.ServletWebServerApplicationContext [main] Root WebApplicationContext: initialization completed in 2934 ms
2022-04-24 21:49:05,480 INFO com.mongodb.diagnostics.logging.SLF4JLogger [main] Cluster created with settings {hosts=[127.0.0.1:27017], srvHost=cluster0.r9lfo.mongodb.net, mode=MULTIPLE, requiredClusterType=REPLICA_SET, serverSelectionTimeout='30000 ms', requiredReplicaSetName='atlas-alx4g0-shard-0'}
2022-04-24 21:49:05,638 INFO com.mongodb.diagnostics.logging.SLF4JLogger [cluster-ClusterId{value='62660c213b292b5712b0e374', description='null'}-srv-cluster0.r9lfo.mongodb.net] Adding discovered server cluster0-shard-00-00.r9lfo.mongodb.net:27017 to client view of cluster
2022-04-24 21:49:05,746 INFO com.mongodb.diagnostics.logging.SLF4JLogger [cluster-ClusterId{value='62660c213b292b5712b0e374', description='null'}-srv-cluster0.r9lfo.mongodb.net] Adding discovered server cluster0-shard-00-02.r9lfo.mongodb.net:27017 to client view of cluster
2022-04-24 21:49:05,748 INFO com.mongodb.diagnostics.logging.SLF4JLogger [cluster-ClusterId{value='62660c213b292b5712b0e374', description='null'}-srv-cluster0.r9lfo.mongodb.net] Adding discovered server cluster0-shard-00-01.r9lfo.mongodb.net:27017 to client view of cluster
2022-04-24 21:49:07,093 INFO com.mongodb.diagnostics.logging.SLF4JLogger [cluster-rtt-ClusterId{value='62660c213b292b5712b0e374', description='null'}-cluster0-shard-00-02.r9lfo.mongodb.net:27017] Opened connection [connectionId{localValue:5, serverValue:259305}] to cluster0-shard-00-02.r9lfo.mongodb.net:27017
2022-04-24 21:49:07,094 INFO com.mongodb.diagnostics.logging.SLF4JLogger [cluster-rtt-ClusterId{value='62660c213b292b5712b0e374', description='null'}-cluster0-shard-00-00.r9lfo.mongodb.net:27017] Opened connection [connectionId{localValue:1, serverValue:257007}] to cluster0-shard-00-00.r9lfo.mongodb.net:27017
2022-04-24 21:49:07,094 INFO com.mongodb.diagnostics.logging.SLF4JLogger [cluster-ClusterId{value='62660c213b292b5712b0e374', description='null'}-cluster0-shard-00-01.r9lfo.mongodb.net:27017] Opened connection [connectionId{localValue:2, serverValue:256595}] to cluster0-shard-00-01.r9lfo.mongodb.net:27017
2022-04-24 21:49:07,094 INFO com.mongodb.diagnostics.logging.SLF4JLogger [cluster-ClusterId{value='62660c213b292b5712b0e374', description='null'}-cluster0-shard-00-02.r9lfo.mongodb.net:27017] Opened connection [connectionId{localValue:4, serverValue:259305}] to cluster0-shard-00-02.r9lfo.mongodb.net:27017
2022-04-24 21:49:07,094 INFO com.mongodb.diagnostics.logging.SLF4JLogger [cluster-ClusterId{value='62660c213b292b5712b0e374', description='null'}-cluster0-shard-00-00.r9lfo.mongodb.net:27017] Opened connection [connectionId{localValue:6, serverValue:257007}] to cluster0-shard-00-00.r9lfo.mongodb.net:27017
2022-04-24 21:49:07,094 INFO com.mongodb.diagnostics.logging.SLF4JLogger [cluster-rtt-ClusterId{value='62660c213b292b5712b0e374', description='null'}-cluster0-shard-00-01.r9lfo.mongodb.net:27017] Opened connection [connectionId{localValue:3, serverValue:256595}] to cluster0-shard-00-01.r9lfo.mongodb.net:27017
2022-04-24 21:49:07,095 INFO com.mongodb.diagnostics.logging.SLF4JLogger [cluster-ClusterId{value='62660c213b292b5712b0e374', description='null'}-cluster0-shard-00-02.r9lfo.mongodb.net:27017] Monitor thread successfully connected to server with description ServerDescription{address=cluster0-shard-00-02.r9lfo.mongodb.net:27017, type=REPLICA_SET_PRIMARY, state=CONNECTED, ok=true, minWireVersion=0, maxWireVersion=13, maxDocumentSize=16777216, logicalSessionTimeoutMinutes=30, roundTripTimeNanos=582498500, setName='atlas-alx4g0-shard-0', canonicalAddress=cluster0-shard-00-02.r9lfo.mongodb.net:27017, hosts=[cluster0-shard-00-00.r9lfo.mongodb.net:27017, cluster0-shard-00-02.r9lfo.mongodb.net:27017, cluster0-shard-00-01.r9lfo.mongodb.net:27017], passives=[], arbiters=[], primary='cluster0-shard-00-02.r9lfo.mongodb.net:27017', tagSet=TagSet{[Tag{name='nodeType', value='ELECTABLE'}, Tag{name='provider', value='AWS'}, Tag{name='region', value='SA_EAST_1'}, Tag{name='workloadType', value='OPERATIONAL'}]}, electionId=7fffffff0000000000000004, setVersion=1, topologyVersion=TopologyVersion{processId=6255b390a31695a80f32b3f2, counter=6}, lastWriteDate=Sun Apr 24 21:49:01 COT 2022, lastUpdateTimeNanos=23984941017700}
2022-04-24 21:49:07,095 INFO com.mongodb.diagnostics.logging.SLF4JLogger [cluster-ClusterId{value='62660c213b292b5712b0e374', description='null'}-cluster0-shard-00-00.r9lfo.mongodb.net:27017] Monitor thread successfully connected to server with description ServerDescription{address=cluster0-shard-00-00.r9lfo.mongodb.net:27017, type=REPLICA_SET_SECONDARY, state=CONNECTED, ok=true, minWireVersion=0, maxWireVersion=13, maxDocumentSize=16777216, logicalSessionTimeoutMinutes=30, roundTripTimeNanos=591871900, setName='atlas-alx4g0-shard-0', canonicalAddress=cluster0-shard-00-00.r9lfo.mongodb.net:27017, hosts=[cluster0-shard-00-00.r9lfo.mongodb.net:27017, cluster0-shard-00-02.r9lfo.mongodb.net:27017, cluster0-shard-00-01.r9lfo.mongodb.net:27017], passives=[], arbiters=[], primary='cluster0-shard-00-02.r9lfo.mongodb.net:27017', tagSet=TagSet{[Tag{name='nodeType', value='ELECTABLE'}, Tag{name='provider', value='AWS'}, Tag{name='region', value='SA_EAST_1'}, Tag{name='workloadType', value='OPERATIONAL'}]}, electionId=null, setVersion=1, topologyVersion=TopologyVersion{processId=6255b34022fef2a4533a28ea, counter=4}, lastWriteDate=Sun Apr 24 21:49:01 COT 2022, lastUpdateTimeNanos=23984941234500}
2022-04-24 21:49:07,095 INFO com.mongodb.diagnostics.logging.SLF4JLogger [cluster-ClusterId{value='62660c213b292b5712b0e374', description='null'}-cluster0-shard-00-01.r9lfo.mongodb.net:27017] Monitor thread successfully connected to server with description ServerDescription{address=cluster0-shard-00-01.r9lfo.mongodb.net:27017, type=REPLICA_SET_SECONDARY, state=CONNECTED, ok=true, minWireVersion=0, maxWireVersion=13, maxDocumentSize=16777216, logicalSessionTimeoutMinutes=30, roundTripTimeNanos=591017000, setName='atlas-alx4g0-shard-0', canonicalAddress=cluster0-shard-00-01.r9lfo.mongodb.net:27017, hosts=[cluster0-shard-00-00.r9lfo.mongodb.net:27017, cluster0-shard-00-02.r9lfo.mongodb.net:27017, cluster0-shard-00-01.r9lfo.mongodb.net:27017], passives=[], arbiters=[], primary='cluster0-shard-00-02.r9lfo.mongodb.net:27017', tagSet=TagSet{[Tag{name='nodeType', value='ELECTABLE'}, Tag{name='provider', value='AWS'}, Tag{name='region', value='SA_EAST_1'}, Tag{name='workloadType', value='OPERATIONAL'}]}, electionId=null, setVersion=1, topologyVersion=TopologyVersion{processId=6255b3e1211cf018353ad58b, counter=3}, lastWriteDate=Sun Apr 24 21:49:01 COT 2022, lastUpdateTimeNanos=23984941017700}
2022-04-24 21:49:07,109 INFO com.mongodb.diagnostics.logging.SLF4JLogger [cluster-ClusterId{value='62660c213b292b5712b0e374', description='null'}-cluster0-shard-00-02.r9lfo.mongodb.net:27017] Setting max election id to 7fffffff0000000000000004 from replica set primary cluster0-shard-00-02.r9lfo.mongodb.net:27017
2022-04-24 21:49:07,110 INFO com.mongodb.diagnostics.logging.SLF4JLogger [cluster-ClusterId{value='62660c213b292b5712b0e374', description='null'}-cluster0-shard-00-02.r9lfo.mongodb.net:27017] Setting max set version to 1 from replica set primary cluster0-shard-00-02.r9lfo.mongodb.net:27017
2022-04-24 21:49:07,110 INFO com.mongodb.diagnostics.logging.SLF4JLogger [cluster-ClusterId{value='62660c213b292b5712b0e374', description='null'}-cluster0-shard-00-02.r9lfo.mongodb.net:27017] Discovered replica set primary cluster0-shard-00-02.r9lfo.mongodb.net:27017
2022-04-24 21:49:07,987 INFO org.apache.juli.logging.DirectJDKLog [main] Starting ProtocolHandler ["http-nio-8080"]
2022-04-24 21:49:08,025 INFO org.springframework.boot.web.embedded.tomcat.TomcatWebServer [main] Tomcat started on port(s): 8080 (http) with context path ''
2022-04-24 21:49:08,047 INFO org.springframework.boot.StartupInfoLogger [main] Started ExamplerediscacheApplication in 6.806 seconds (JVM running for 7.802)
2022-04-24 21:49:21,290 INFO org.apache.juli.logging.DirectJDKLog [http-nio-8080-exec-1] Initializing Spring DispatcherServlet 'dispatcherServlet'
2022-04-24 21:49:21,291 INFO org.springframework.web.servlet.FrameworkServlet [http-nio-8080-exec-1] Initializing Servlet 'dispatcherServlet'
2022-04-24 21:49:21,294 INFO org.springframework.web.servlet.FrameworkServlet [http-nio-8080-exec-1] Completed initialization in 2 ms
2022-04-24 21:49:23,625 INFO com.mongodb.diagnostics.logging.SLF4JLogger [http-nio-8080-exec-1] Opened connection [connectionId{localValue:7, serverValue:259317}] to cluster0-shard-00-02.r9lfo.mongodb.net:27017
